Started at Wed Jan 06 09:08:52 UTC 2021
Processing first job
Offering first job to Project Build Discarder
Processing remote task
Offering remote task to Project Build Discarder
Finished at Wed Jan 06 09:08:52 UTC 2021. 6ms
Started at Wed Jan 06 10:08:52 UTC 2021
Processing first job
Offering first job to Project Build Discarder
Processing remote task
Offering remote task to Project Build Discarder
Finished at Wed Jan 06 10:08:52 UTC 2021. 2ms
Started at Wed Jan 06 11:08:52 UTC 2021
Processing first job
Offering first job to Project Build Discarder
Processing remote task
Offering remote task to Project Build Discarder
Finished at Wed Jan 06 11:08:52 UTC 2021. 3ms
Started at Wed Jan 06 12:08:52 UTC 2021
Processing db_backup_to_aws
Offering db_backup_to_aws to Project Build Discarder
Processing first job
Offering first job to Project Build Discarder
Processing remote task
Offering remote task to Project Build Discarder
Finished at Wed Jan 06 12:08:52 UTC 2021. 4ms
